<?xml version="1.0" encoding="UTF-8"?>
<testsuite name="newsscrapper.AppTest" tests="1" skipped="0" failures="0" errors="0" timestamp="2025-02-07T19:27:37" hostname="JiayWSU" time="0.002">
  <properties/>
  <testcase name="appHasAGreeting" classname="newsscrapper.AppTest" time="0.002"/>
  <system-out><![CDATA[]]></system-out>
  <system-err><![CDATA[]]></system-err>
</testsuite>
